ARM GAS  C:\Users\ASUS\AppData\Local\Temp\ccncxbE4.s 			page 1


   1              		.cpu cortex-m4
   2              		.arch armv7e-m
   3              		.fpu fpv4-sp-d16
   4              		.eabi_attribute 27, 1
   5              		.eabi_attribute 28, 1
   6              		.eabi_attribute 20, 1
   7              		.eabi_attribute 21, 1
   8              		.eabi_attribute 23, 3
   9              		.eabi_attribute 24, 1
  10              		.eabi_attribute 25, 1
  11              		.eabi_attribute 26, 1
  12              		.eabi_attribute 30, 6
  13              		.eabi_attribute 34, 1
  14              		.eabi_attribute 18, 4
  15              		.file	"main.c"
  16              		.text
  17              	.Ltext0:
  18              		.cfi_sections	.debug_frame
  19              		.section	.text.delay,"ax",%progbits
  20              		.align	1
  21              		.global	delay
  22              		.syntax unified
  23              		.thumb
  24              		.thumb_func
  26              	delay:
  27              	.LFB130:
  28              		.file 1 "Src/main.c"
   1:Src/main.c    **** #include "stm32f4xx.h"
   2:Src/main.c    **** 
   3:Src/main.c    **** void delay(void)
   4:Src/main.c    **** {
  29              		.loc 1 4 1
  30              		.cfi_startproc
  31              		@ args = 0, pretend = 0, frame = 8
  32              		@ frame_needed = 1, uses_anonymous_args = 0
  33              		@ link register save eliminated.
  34 0000 80B4     		push	{r7}
  35              	.LCFI0:
  36              		.cfi_def_cfa_offset 4
  37              		.cfi_offset 7, -4
  38 0002 83B0     		sub	sp, sp, #12
  39              	.LCFI1:
  40              		.cfi_def_cfa_offset 16
  41 0004 00AF     		add	r7, sp, #0
  42              	.LCFI2:
  43              		.cfi_def_cfa_register 7
   5:Src/main.c    ****     uint32_t i;
   6:Src/main.c    **** 
   7:Src/main.c    ****     for (i = 0; i < 0xfffff; ++i) {
  44              		.loc 1 7 12
  45 0006 0023     		movs	r3, #0
  46 0008 7B60     		str	r3, [r7, #4]
  47              		.loc 1 7 5
  48 000a 02E0     		b	.L2
  49              	.L3:
  50              		.loc 1 7 30 discriminator 3
  51 000c 7B68     		ldr	r3, [r7, #4]
ARM GAS  C:\Users\ASUS\AppData\Local\Temp\ccncxbE4.s 			page 2


  52 000e 0133     		adds	r3, r3, #1
  53 0010 7B60     		str	r3, [r7, #4]
  54              	.L2:
  55              		.loc 1 7 5 discriminator 1
  56 0012 7B68     		ldr	r3, [r7, #4]
  57 0014 044A     		ldr	r2, .L4
  58 0016 9342     		cmp	r3, r2
  59 0018 F8D9     		bls	.L3
   8:Src/main.c    **** 
   9:Src/main.c    ****     }
  10:Src/main.c    **** }
  60              		.loc 1 10 1
  61 001a 00BF     		nop
  62 001c 00BF     		nop
  63 001e 0C37     		adds	r7, r7, #12
  64              	.LCFI3:
  65              		.cfi_def_cfa_offset 4
  66 0020 BD46     		mov	sp, r7
  67              	.LCFI4:
  68              		.cfi_def_cfa_register 13
  69              		@ sp needed
  70 0022 5DF8047B 		ldr	r7, [sp], #4
  71              	.LCFI5:
  72              		.cfi_restore 7
  73              		.cfi_def_cfa_offset 0
  74 0026 7047     		bx	lr
  75              	.L5:
  76              		.align	2
  77              	.L4:
  78 0028 FEFF0F00 		.word	1048574
  79              		.cfi_endproc
  80              	.LFE130:
  82              		.section	.text.main,"ax",%progbits
  83              		.align	1
  84              		.global	main
  85              		.syntax unified
  86              		.thumb
  87              		.thumb_func
  89              	main:
  90              	.LFB131:
  11:Src/main.c    **** 
  12:Src/main.c    **** int main(void)
  13:Src/main.c    **** {
  91              		.loc 1 13 1
  92              		.cfi_startproc
  93              		@ args = 0, pretend = 0, frame = 8
  94              		@ frame_needed = 1, uses_anonymous_args = 0
  95 0000 80B5     		push	{r7, lr}
  96              	.LCFI6:
  97              		.cfi_def_cfa_offset 8
  98              		.cfi_offset 7, -8
  99              		.cfi_offset 14, -4
 100 0002 82B0     		sub	sp, sp, #8
 101              	.LCFI7:
 102              		.cfi_def_cfa_offset 16
 103 0004 00AF     		add	r7, sp, #0
 104              	.LCFI8:
ARM GAS  C:\Users\ASUS\AppData\Local\Temp\ccncxbE4.s 			page 3


 105              		.cfi_def_cfa_register 7
  14:Src/main.c    ****     GPIO_InitTypeDef GPIO_InitStruct;
  15:Src/main.c    **** 
  16:Src/main.c    ****     RCC_AHB1PeriphClockCmd(RCC_AHB1Periph_GPIOD, ENABLE);
 106              		.loc 1 16 5
 107 0006 0121     		movs	r1, #1
 108 0008 0820     		movs	r0, #8
 109 000a FFF7FEFF 		bl	RCC_AHB1PeriphClockCmd
  17:Src/main.c    **** 	GPIO_InitStruct.GPIO_Pin = GPIO_Pin_14 | GPIO_Pin_15| GPIO_Pin_13| GPIO_Pin_12; 
 110              		.loc 1 17 27
 111 000e 4FF47043 		mov	r3, #61440
 112 0012 3B60     		str	r3, [r7]
  18:Src/main.c    **** 	GPIO_InitStruct.GPIO_Mode = GPIO_Mode_OUT;
 113              		.loc 1 18 28
 114 0014 0123     		movs	r3, #1
 115 0016 3B71     		strb	r3, [r7, #4]
  19:Src/main.c    **** 	GPIO_InitStruct.GPIO_OType = GPIO_OType_PP; 
 116              		.loc 1 19 29
 117 0018 0023     		movs	r3, #0
 118 001a BB71     		strb	r3, [r7, #6]
  20:Src/main.c    **** 	GPIO_InitStruct.GPIO_Speed = GPIO_Speed_100MHz; 
 119              		.loc 1 20 29
 120 001c 0323     		movs	r3, #3
 121 001e 7B71     		strb	r3, [r7, #5]
  21:Src/main.c    **** 	GPIO_InitStruct.GPIO_PuPd = GPIO_PuPd_NOPULL; 
 122              		.loc 1 21 28
 123 0020 0023     		movs	r3, #0
 124 0022 FB71     		strb	r3, [r7, #7]
  22:Src/main.c    **** 	GPIO_Init(GPIOD, &GPIO_InitStruct); 
 125              		.loc 1 22 2
 126 0024 3B46     		mov	r3, r7
 127 0026 1946     		mov	r1, r3
 128 0028 0848     		ldr	r0, .L8
 129 002a FFF7FEFF 		bl	GPIO_Init
 130              	.L7:
  23:Src/main.c    **** 
  24:Src/main.c    ****     while (1) {
  25:Src/main.c    ****         GPIO_SetBits(GPIOD, GPIO_Pin_12 |GPIO_Pin_14);
 131              		.loc 1 25 9 discriminator 1
 132 002e 4FF4A041 		mov	r1, #20480
 133 0032 0648     		ldr	r0, .L8
 134 0034 FFF7FEFF 		bl	GPIO_SetBits
  26:Src/main.c    ****         delay();
 135              		.loc 1 26 9 discriminator 1
 136 0038 FFF7FEFF 		bl	delay
  27:Src/main.c    ****         GPIO_ResetBits(GPIOD, GPIO_Pin_12 |GPIO_Pin_14);
 137              		.loc 1 27 9 discriminator 1
 138 003c 4FF4A041 		mov	r1, #20480
 139 0040 0248     		ldr	r0, .L8
 140 0042 FFF7FEFF 		bl	GPIO_ResetBits
  28:Src/main.c    ****         delay();
 141              		.loc 1 28 9 discriminator 1
 142 0046 FFF7FEFF 		bl	delay
  25:Src/main.c    ****         delay();
 143              		.loc 1 25 9 discriminator 1
 144 004a F0E7     		b	.L7
 145              	.L9:
ARM GAS  C:\Users\ASUS\AppData\Local\Temp\ccncxbE4.s 			page 4


 146              		.align	2
 147              	.L8:
 148 004c 000C0240 		.word	1073875968
 149              		.cfi_endproc
 150              	.LFE131:
 152              		.text
 153              	.Letext0:
 154              		.file 2 "d:\\arm-none-eabi-gcc\\arm-none-eabi\\include\\machine\\_default_types.h"
 155              		.file 3 "d:\\arm-none-eabi-gcc\\arm-none-eabi\\include\\sys\\_stdint.h"
 156              		.file 4 "Drivers/CMSIS/Device/ST/STM32F4xx/Include/stm32f4xx.h"
 157              		.file 5 "Drivers/STM32F4xx_StdPeriph_Driver/inc/stm32f4xx_gpio.h"
ARM GAS  C:\Users\ASUS\AppData\Local\Temp\ccncxbE4.s 			page 5


DEFINED SYMBOLS
                            *ABS*:00000000 main.c
C:\Users\ASUS\AppData\Local\Temp\ccncxbE4.s:20     .text.delay:00000000 $t
C:\Users\ASUS\AppData\Local\Temp\ccncxbE4.s:26     .text.delay:00000000 delay
C:\Users\ASUS\AppData\Local\Temp\ccncxbE4.s:78     .text.delay:00000028 $d
C:\Users\ASUS\AppData\Local\Temp\ccncxbE4.s:83     .text.main:00000000 $t
C:\Users\ASUS\AppData\Local\Temp\ccncxbE4.s:89     .text.main:00000000 main
C:\Users\ASUS\AppData\Local\Temp\ccncxbE4.s:148    .text.main:0000004c $d

UNDEFINED SYMBOLS
RCC_AHB1PeriphClockCmd
GPIO_Init
GPIO_SetBits
GPIO_ResetBits
