ARM GAS  C:\Users\ASUS\AppData\Local\Temp\cccl9iUa.s 			page 1


   1              		.cpu cortex-m4
   2              		.arch armv7e-m
   3              		.fpu fpv4-sp-d16
   4              		.eabi_attribute 27, 1
   5              		.eabi_attribute 28, 1
   6              		.eabi_attribute 20, 1
   7              		.eabi_attribute 21, 1
   8              		.eabi_attribute 23, 3
   9              		.eabi_attribute 24, 1
  10              		.eabi_attribute 25, 1
  11              		.eabi_attribute 26, 1
  12              		.eabi_attribute 30, 6
  13              		.eabi_attribute 34, 1
  14              		.eabi_attribute 18, 4
  15              		.file	"stm32f4xx_it.c"
  16              		.text
  17              	.Ltext0:
  18              		.cfi_sections	.debug_frame
  19              		.section	.text.NMI_Handler,"ax",%progbits
  20              		.align	1
  21              		.global	NMI_Handler
  22              		.syntax unified
  23              		.thumb
  24              		.thumb_func
  26              	NMI_Handler:
  27              	.LFB130:
  28              		.file 1 "Src/stm32f4xx_it.c"
   1:Src/stm32f4xx_it.c **** /**
   2:Src/stm32f4xx_it.c ****   ******************************************************************************
   3:Src/stm32f4xx_it.c ****   * @file    Project/STM32F4xx_StdPeriph_Templates/stm32f4xx_it.c 
   4:Src/stm32f4xx_it.c ****   * @author  MCD Application Team
   5:Src/stm32f4xx_it.c ****   * @version V1.8.0
   6:Src/stm32f4xx_it.c ****   * @date    04-November-2016
   7:Src/stm32f4xx_it.c ****   * @brief   Main Interrupt Service Routines.
   8:Src/stm32f4xx_it.c ****   *          This file provides template for all exceptions handler and 
   9:Src/stm32f4xx_it.c ****   *          peripherals interrupt service routine.
  10:Src/stm32f4xx_it.c ****   ******************************************************************************
  11:Src/stm32f4xx_it.c ****   * @attention
  12:Src/stm32f4xx_it.c ****   *
  13:Src/stm32f4xx_it.c ****   * <h2><center>&copy; COPYRIGHT 2016 STMicroelectronics</center></h2>
  14:Src/stm32f4xx_it.c ****   *
  15:Src/stm32f4xx_it.c ****   * Licensed under MCD-ST Liberty SW License Agreement V2, (the "License");
  16:Src/stm32f4xx_it.c ****   * You may not use this file except in compliance with the License.
  17:Src/stm32f4xx_it.c ****   * You may obtain a copy of the License at:
  18:Src/stm32f4xx_it.c ****   *
  19:Src/stm32f4xx_it.c ****   *        http://www.st.com/software_license_agreement_liberty_v2
  20:Src/stm32f4xx_it.c ****   *
  21:Src/stm32f4xx_it.c ****   * Unless required by applicable law or agreed to in writing, software 
  22:Src/stm32f4xx_it.c ****   * distributed under the License is distributed on an "AS IS" BASIS, 
  23:Src/stm32f4xx_it.c ****   * WITHOUT WARRANTIES OR CONDITIONS OF ANY KIND, either express or implied.
  24:Src/stm32f4xx_it.c ****   * See the License for the specific language governing permissions and
  25:Src/stm32f4xx_it.c ****   * limitations under the License.
  26:Src/stm32f4xx_it.c ****   *
  27:Src/stm32f4xx_it.c ****   ******************************************************************************
  28:Src/stm32f4xx_it.c ****   */
  29:Src/stm32f4xx_it.c **** 
  30:Src/stm32f4xx_it.c **** /* Includes ------------------------------------------------------------------*/
ARM GAS  C:\Users\ASUS\AppData\Local\Temp\cccl9iUa.s 			page 2


  31:Src/stm32f4xx_it.c **** #include "stm32f4xx_it.h"
  32:Src/stm32f4xx_it.c **** //#include "main.h"
  33:Src/stm32f4xx_it.c **** 
  34:Src/stm32f4xx_it.c **** /** @addtogroup Template_Project
  35:Src/stm32f4xx_it.c ****   * @{
  36:Src/stm32f4xx_it.c ****   */
  37:Src/stm32f4xx_it.c **** 
  38:Src/stm32f4xx_it.c **** /* Private typedef -----------------------------------------------------------*/
  39:Src/stm32f4xx_it.c **** /* Private define ------------------------------------------------------------*/
  40:Src/stm32f4xx_it.c **** /* Private macro -------------------------------------------------------------*/
  41:Src/stm32f4xx_it.c **** /* Private variables ---------------------------------------------------------*/
  42:Src/stm32f4xx_it.c **** /* Private function prototypes -----------------------------------------------*/
  43:Src/stm32f4xx_it.c **** /* Private functions ---------------------------------------------------------*/
  44:Src/stm32f4xx_it.c **** 
  45:Src/stm32f4xx_it.c **** /******************************************************************************/
  46:Src/stm32f4xx_it.c **** /*            Cortex-M4 Processor Exceptions Handlers                         */
  47:Src/stm32f4xx_it.c **** /******************************************************************************/
  48:Src/stm32f4xx_it.c **** 
  49:Src/stm32f4xx_it.c **** /**
  50:Src/stm32f4xx_it.c ****   * @brief  This function handles NMI exception.
  51:Src/stm32f4xx_it.c ****   * @param  None
  52:Src/stm32f4xx_it.c ****   * @retval None
  53:Src/stm32f4xx_it.c ****   */
  54:Src/stm32f4xx_it.c **** void NMI_Handler(void)
  55:Src/stm32f4xx_it.c **** {
  29              		.loc 1 55 1
  30              		.cfi_startproc
  31              		@ args = 0, pretend = 0, frame = 0
  32              		@ frame_needed = 1, uses_anonymous_args = 0
  33              		@ link register save eliminated.
  34 0000 80B4     		push	{r7}
  35              	.LCFI0:
  36              		.cfi_def_cfa_offset 4
  37              		.cfi_offset 7, -4
  38 0002 00AF     		add	r7, sp, #0
  39              	.LCFI1:
  40              		.cfi_def_cfa_register 7
  56:Src/stm32f4xx_it.c **** }
  41              		.loc 1 56 1
  42 0004 00BF     		nop
  43 0006 BD46     		mov	sp, r7
  44              	.LCFI2:
  45              		.cfi_def_cfa_register 13
  46              		@ sp needed
  47 0008 5DF8047B 		ldr	r7, [sp], #4
  48              	.LCFI3:
  49              		.cfi_restore 7
  50              		.cfi_def_cfa_offset 0
  51 000c 7047     		bx	lr
  52              		.cfi_endproc
  53              	.LFE130:
  55              		.section	.text.HardFault_Handler,"ax",%progbits
  56              		.align	1
  57              		.global	HardFault_Handler
  58              		.syntax unified
  59              		.thumb
  60              		.thumb_func
ARM GAS  C:\Users\ASUS\AppData\Local\Temp\cccl9iUa.s 			page 3


  62              	HardFault_Handler:
  63              	.LFB131:
  57:Src/stm32f4xx_it.c **** 
  58:Src/stm32f4xx_it.c **** /**
  59:Src/stm32f4xx_it.c ****   * @brief  This function handles Hard Fault exception.
  60:Src/stm32f4xx_it.c ****   * @param  None
  61:Src/stm32f4xx_it.c ****   * @retval None
  62:Src/stm32f4xx_it.c ****   */
  63:Src/stm32f4xx_it.c **** void HardFault_Handler(void)
  64:Src/stm32f4xx_it.c **** {
  64              		.loc 1 64 1
  65              		.cfi_startproc
  66              		@ args = 0, pretend = 0, frame = 0
  67              		@ frame_needed = 1, uses_anonymous_args = 0
  68              		@ link register save eliminated.
  69 0000 80B4     		push	{r7}
  70              	.LCFI4:
  71              		.cfi_def_cfa_offset 4
  72              		.cfi_offset 7, -4
  73 0002 00AF     		add	r7, sp, #0
  74              	.LCFI5:
  75              		.cfi_def_cfa_register 7
  76              	.L3:
  65:Src/stm32f4xx_it.c ****   /* Go to infinite loop when Hard Fault exception occurs */
  66:Src/stm32f4xx_it.c ****   while (1)
  77              		.loc 1 66 9 discriminator 1
  78 0004 FEE7     		b	.L3
  79              		.cfi_endproc
  80              	.LFE131:
  82              		.section	.text.MemManage_Handler,"ax",%progbits
  83              		.align	1
  84              		.global	MemManage_Handler
  85              		.syntax unified
  86              		.thumb
  87              		.thumb_func
  89              	MemManage_Handler:
  90              	.LFB132:
  67:Src/stm32f4xx_it.c ****   {
  68:Src/stm32f4xx_it.c ****   }
  69:Src/stm32f4xx_it.c **** }
  70:Src/stm32f4xx_it.c **** 
  71:Src/stm32f4xx_it.c **** /**
  72:Src/stm32f4xx_it.c ****   * @brief  This function handles Memory Manage exception.
  73:Src/stm32f4xx_it.c ****   * @param  None
  74:Src/stm32f4xx_it.c ****   * @retval None
  75:Src/stm32f4xx_it.c ****   */
  76:Src/stm32f4xx_it.c **** void MemManage_Handler(void)
  77:Src/stm32f4xx_it.c **** {
  91              		.loc 1 77 1
  92              		.cfi_startproc
  93              		@ args = 0, pretend = 0, frame = 0
  94              		@ frame_needed = 1, uses_anonymous_args = 0
  95              		@ link register save eliminated.
  96 0000 80B4     		push	{r7}
  97              	.LCFI6:
  98              		.cfi_def_cfa_offset 4
  99              		.cfi_offset 7, -4
ARM GAS  C:\Users\ASUS\AppData\Local\Temp\cccl9iUa.s 			page 4


 100 0002 00AF     		add	r7, sp, #0
 101              	.LCFI7:
 102              		.cfi_def_cfa_register 7
 103              	.L5:
  78:Src/stm32f4xx_it.c ****   /* Go to infinite loop when Memory Manage exception occurs */
  79:Src/stm32f4xx_it.c ****   while (1)
 104              		.loc 1 79 9 discriminator 1
 105 0004 FEE7     		b	.L5
 106              		.cfi_endproc
 107              	.LFE132:
 109              		.section	.text.BusFault_Handler,"ax",%progbits
 110              		.align	1
 111              		.global	BusFault_Handler
 112              		.syntax unified
 113              		.thumb
 114              		.thumb_func
 116              	BusFault_Handler:
 117              	.LFB133:
  80:Src/stm32f4xx_it.c ****   {
  81:Src/stm32f4xx_it.c ****   }
  82:Src/stm32f4xx_it.c **** }
  83:Src/stm32f4xx_it.c **** 
  84:Src/stm32f4xx_it.c **** /**
  85:Src/stm32f4xx_it.c ****   * @brief  This function handles Bus Fault exception.
  86:Src/stm32f4xx_it.c ****   * @param  None
  87:Src/stm32f4xx_it.c ****   * @retval None
  88:Src/stm32f4xx_it.c ****   */
  89:Src/stm32f4xx_it.c **** void BusFault_Handler(void)
  90:Src/stm32f4xx_it.c **** {
 118              		.loc 1 90 1
 119              		.cfi_startproc
 120              		@ args = 0, pretend = 0, frame = 0
 121              		@ frame_needed = 1, uses_anonymous_args = 0
 122              		@ link register save eliminated.
 123 0000 80B4     		push	{r7}
 124              	.LCFI8:
 125              		.cfi_def_cfa_offset 4
 126              		.cfi_offset 7, -4
 127 0002 00AF     		add	r7, sp, #0
 128              	.LCFI9:
 129              		.cfi_def_cfa_register 7
 130              	.L7:
  91:Src/stm32f4xx_it.c ****   /* Go to infinite loop when Bus Fault exception occurs */
  92:Src/stm32f4xx_it.c ****   while (1)
 131              		.loc 1 92 9 discriminator 1
 132 0004 FEE7     		b	.L7
 133              		.cfi_endproc
 134              	.LFE133:
 136              		.section	.text.UsageFault_Handler,"ax",%progbits
 137              		.align	1
 138              		.global	UsageFault_Handler
 139              		.syntax unified
 140              		.thumb
 141              		.thumb_func
 143              	UsageFault_Handler:
 144              	.LFB134:
  93:Src/stm32f4xx_it.c ****   {
ARM GAS  C:\Users\ASUS\AppData\Local\Temp\cccl9iUa.s 			page 5


  94:Src/stm32f4xx_it.c ****   }
  95:Src/stm32f4xx_it.c **** }
  96:Src/stm32f4xx_it.c **** 
  97:Src/stm32f4xx_it.c **** /**
  98:Src/stm32f4xx_it.c ****   * @brief  This function handles Usage Fault exception.
  99:Src/stm32f4xx_it.c ****   * @param  None
 100:Src/stm32f4xx_it.c ****   * @retval None
 101:Src/stm32f4xx_it.c ****   */
 102:Src/stm32f4xx_it.c **** void UsageFault_Handler(void)
 103:Src/stm32f4xx_it.c **** {
 145              		.loc 1 103 1
 146              		.cfi_startproc
 147              		@ args = 0, pretend = 0, frame = 0
 148              		@ frame_needed = 1, uses_anonymous_args = 0
 149              		@ link register save eliminated.
 150 0000 80B4     		push	{r7}
 151              	.LCFI10:
 152              		.cfi_def_cfa_offset 4
 153              		.cfi_offset 7, -4
 154 0002 00AF     		add	r7, sp, #0
 155              	.LCFI11:
 156              		.cfi_def_cfa_register 7
 157              	.L9:
 104:Src/stm32f4xx_it.c ****   /* Go to infinite loop when Usage Fault exception occurs */
 105:Src/stm32f4xx_it.c ****   while (1)
 158              		.loc 1 105 9 discriminator 1
 159 0004 FEE7     		b	.L9
 160              		.cfi_endproc
 161              	.LFE134:
 163              		.section	.text.SVC_Handler,"ax",%progbits
 164              		.align	1
 165              		.global	SVC_Handler
 166              		.syntax unified
 167              		.thumb
 168              		.thumb_func
 170              	SVC_Handler:
 171              	.LFB135:
 106:Src/stm32f4xx_it.c ****   {
 107:Src/stm32f4xx_it.c ****   }
 108:Src/stm32f4xx_it.c **** }
 109:Src/stm32f4xx_it.c **** 
 110:Src/stm32f4xx_it.c **** /**
 111:Src/stm32f4xx_it.c ****   * @brief  This function handles SVCall exception.
 112:Src/stm32f4xx_it.c ****   * @param  None
 113:Src/stm32f4xx_it.c ****   * @retval None
 114:Src/stm32f4xx_it.c ****   */
 115:Src/stm32f4xx_it.c **** void SVC_Handler(void)
 116:Src/stm32f4xx_it.c **** {
 172              		.loc 1 116 1
 173              		.cfi_startproc
 174              		@ args = 0, pretend = 0, frame = 0
 175              		@ frame_needed = 1, uses_anonymous_args = 0
 176              		@ link register save eliminated.
 177 0000 80B4     		push	{r7}
 178              	.LCFI12:
 179              		.cfi_def_cfa_offset 4
 180              		.cfi_offset 7, -4
ARM GAS  C:\Users\ASUS\AppData\Local\Temp\cccl9iUa.s 			page 6


 181 0002 00AF     		add	r7, sp, #0
 182              	.LCFI13:
 183              		.cfi_def_cfa_register 7
 117:Src/stm32f4xx_it.c **** }
 184              		.loc 1 117 1
 185 0004 00BF     		nop
 186 0006 BD46     		mov	sp, r7
 187              	.LCFI14:
 188              		.cfi_def_cfa_register 13
 189              		@ sp needed
 190 0008 5DF8047B 		ldr	r7, [sp], #4
 191              	.LCFI15:
 192              		.cfi_restore 7
 193              		.cfi_def_cfa_offset 0
 194 000c 7047     		bx	lr
 195              		.cfi_endproc
 196              	.LFE135:
 198              		.section	.text.DebugMon_Handler,"ax",%progbits
 199              		.align	1
 200              		.global	DebugMon_Handler
 201              		.syntax unified
 202              		.thumb
 203              		.thumb_func
 205              	DebugMon_Handler:
 206              	.LFB136:
 118:Src/stm32f4xx_it.c **** 
 119:Src/stm32f4xx_it.c **** /**
 120:Src/stm32f4xx_it.c ****   * @brief  This function handles Debug Monitor exception.
 121:Src/stm32f4xx_it.c ****   * @param  None
 122:Src/stm32f4xx_it.c ****   * @retval None
 123:Src/stm32f4xx_it.c ****   */
 124:Src/stm32f4xx_it.c **** void DebugMon_Handler(void)
 125:Src/stm32f4xx_it.c **** {
 207              		.loc 1 125 1
 208              		.cfi_startproc
 209              		@ args = 0, pretend = 0, frame = 0
 210              		@ frame_needed = 1, uses_anonymous_args = 0
 211              		@ link register save eliminated.
 212 0000 80B4     		push	{r7}
 213              	.LCFI16:
 214              		.cfi_def_cfa_offset 4
 215              		.cfi_offset 7, -4
 216 0002 00AF     		add	r7, sp, #0
 217              	.LCFI17:
 218              		.cfi_def_cfa_register 7
 126:Src/stm32f4xx_it.c **** }
 219              		.loc 1 126 1
 220 0004 00BF     		nop
 221 0006 BD46     		mov	sp, r7
 222              	.LCFI18:
 223              		.cfi_def_cfa_register 13
 224              		@ sp needed
 225 0008 5DF8047B 		ldr	r7, [sp], #4
 226              	.LCFI19:
 227              		.cfi_restore 7
 228              		.cfi_def_cfa_offset 0
 229 000c 7047     		bx	lr
ARM GAS  C:\Users\ASUS\AppData\Local\Temp\cccl9iUa.s 			page 7


 230              		.cfi_endproc
 231              	.LFE136:
 233              		.section	.text.PendSV_Handler,"ax",%progbits
 234              		.align	1
 235              		.global	PendSV_Handler
 236              		.syntax unified
 237              		.thumb
 238              		.thumb_func
 240              	PendSV_Handler:
 241              	.LFB137:
 127:Src/stm32f4xx_it.c **** 
 128:Src/stm32f4xx_it.c **** /**
 129:Src/stm32f4xx_it.c ****   * @brief  This function handles PendSVC exception.
 130:Src/stm32f4xx_it.c ****   * @param  None
 131:Src/stm32f4xx_it.c ****   * @retval None
 132:Src/stm32f4xx_it.c ****   */
 133:Src/stm32f4xx_it.c **** void PendSV_Handler(void)
 134:Src/stm32f4xx_it.c **** {
 242              		.loc 1 134 1
 243              		.cfi_startproc
 244              		@ args = 0, pretend = 0, frame = 0
 245              		@ frame_needed = 1, uses_anonymous_args = 0
 246              		@ link register save eliminated.
 247 0000 80B4     		push	{r7}
 248              	.LCFI20:
 249              		.cfi_def_cfa_offset 4
 250              		.cfi_offset 7, -4
 251 0002 00AF     		add	r7, sp, #0
 252              	.LCFI21:
 253              		.cfi_def_cfa_register 7
 135:Src/stm32f4xx_it.c **** }
 254              		.loc 1 135 1
 255 0004 00BF     		nop
 256 0006 BD46     		mov	sp, r7
 257              	.LCFI22:
 258              		.cfi_def_cfa_register 13
 259              		@ sp needed
 260 0008 5DF8047B 		ldr	r7, [sp], #4
 261              	.LCFI23:
 262              		.cfi_restore 7
 263              		.cfi_def_cfa_offset 0
 264 000c 7047     		bx	lr
 265              		.cfi_endproc
 266              	.LFE137:
 268              		.section	.text.SysTick_Handler,"ax",%progbits
 269              		.align	1
 270              		.global	SysTick_Handler
 271              		.syntax unified
 272              		.thumb
 273              		.thumb_func
 275              	SysTick_Handler:
 276              	.LFB138:
 136:Src/stm32f4xx_it.c **** 
 137:Src/stm32f4xx_it.c **** /**
 138:Src/stm32f4xx_it.c ****   * @brief  This function handles SysTick Handler.
 139:Src/stm32f4xx_it.c ****   * @param  None
 140:Src/stm32f4xx_it.c ****   * @retval None
ARM GAS  C:\Users\ASUS\AppData\Local\Temp\cccl9iUa.s 			page 8


 141:Src/stm32f4xx_it.c ****   */
 142:Src/stm32f4xx_it.c **** void SysTick_Handler(void)
 143:Src/stm32f4xx_it.c **** {
 277              		.loc 1 143 1
 278              		.cfi_startproc
 279              		@ args = 0, pretend = 0, frame = 0
 280              		@ frame_needed = 1, uses_anonymous_args = 0
 281              		@ link register save eliminated.
 282 0000 80B4     		push	{r7}
 283              	.LCFI24:
 284              		.cfi_def_cfa_offset 4
 285              		.cfi_offset 7, -4
 286 0002 00AF     		add	r7, sp, #0
 287              	.LCFI25:
 288              		.cfi_def_cfa_register 7
 144:Src/stm32f4xx_it.c ****   //TimingDelay_Decrement();
 145:Src/stm32f4xx_it.c **** }
 289              		.loc 1 145 1
 290 0004 00BF     		nop
 291 0006 BD46     		mov	sp, r7
 292              	.LCFI26:
 293              		.cfi_def_cfa_register 13
 294              		@ sp needed
 295 0008 5DF8047B 		ldr	r7, [sp], #4
 296              	.LCFI27:
 297              		.cfi_restore 7
 298              		.cfi_def_cfa_offset 0
 299 000c 7047     		bx	lr
 300              		.cfi_endproc
 301              	.LFE138:
 303              		.text
 304              	.Letext0:
ARM GAS  C:\Users\ASUS\AppData\Local\Temp\cccl9iUa.s 			page 9


DEFINED SYMBOLS
                            *ABS*:00000000 stm32f4xx_it.c
C:\Users\ASUS\AppData\Local\Temp\cccl9iUa.s:20     .text.NMI_Handler:00000000 $t
C:\Users\ASUS\AppData\Local\Temp\cccl9iUa.s:26     .text.NMI_Handler:00000000 NMI_Handler
C:\Users\ASUS\AppData\Local\Temp\cccl9iUa.s:56     .text.HardFault_Handler:00000000 $t
C:\Users\ASUS\AppData\Local\Temp\cccl9iUa.s:62     .text.HardFault_Handler:00000000 HardFault_Handler
C:\Users\ASUS\AppData\Local\Temp\cccl9iUa.s:83     .text.MemManage_Handler:00000000 $t
C:\Users\ASUS\AppData\Local\Temp\cccl9iUa.s:89     .text.MemManage_Handler:00000000 MemManage_Handler
C:\Users\ASUS\AppData\Local\Temp\cccl9iUa.s:110    .text.BusFault_Handler:00000000 $t
C:\Users\ASUS\AppData\Local\Temp\cccl9iUa.s:116    .text.BusFault_Handler:00000000 BusFault_Handler
C:\Users\ASUS\AppData\Local\Temp\cccl9iUa.s:137    .text.UsageFault_Handler:00000000 $t
C:\Users\ASUS\AppData\Local\Temp\cccl9iUa.s:143    .text.UsageFault_Handler:00000000 UsageFault_Handler
C:\Users\ASUS\AppData\Local\Temp\cccl9iUa.s:164    .text.SVC_Handler:00000000 $t
C:\Users\ASUS\AppData\Local\Temp\cccl9iUa.s:170    .text.SVC_Handler:00000000 SVC_Handler
C:\Users\ASUS\AppData\Local\Temp\cccl9iUa.s:199    .text.DebugMon_Handler:00000000 $t
C:\Users\ASUS\AppData\Local\Temp\cccl9iUa.s:205    .text.DebugMon_Handler:00000000 DebugMon_Handler
C:\Users\ASUS\AppData\Local\Temp\cccl9iUa.s:234    .text.PendSV_Handler:00000000 $t
C:\Users\ASUS\AppData\Local\Temp\cccl9iUa.s:240    .text.PendSV_Handler:00000000 PendSV_Handler
C:\Users\ASUS\AppData\Local\Temp\cccl9iUa.s:269    .text.SysTick_Handler:00000000 $t
C:\Users\ASUS\AppData\Local\Temp\cccl9iUa.s:275    .text.SysTick_Handler:00000000 SysTick_Handler

NO UNDEFINED SYMBOLS
